<?xml version="1.0" encoding="UTF-8"?>
<!-- Generated by org.testng.reporters.JUnitReportReporter -->
<testsuite skipped="0" hostname="KI0205" name="org.test.automation.FirstSeleniumTest" tests="1" failures="0" timestamp="13 Jul 2018 01:53:15 GMT" time="80.472" errors="0">
  <testcase name="testing" time="80.472" classname="org.test.automation.FirstSeleniumTest"/>
</testsuite> <!-- org.test.automation.FirstSeleniumTest -->
