<?xml version="1.0" encoding="UTF-8"?>
<!-- Generated by org.testng.reporters.JUnitReportReporter -->
<testsuite hostname="NAKSR03-16D0T02" name="org.test.automation.testcases.GmailTest" tests="2" failures="0" timestamp="27 Jul 2018 10:09:38 GMT" time="52.187" errors="0">
  <testcase name="TC_testGmailLogin" time="23.899" classname="org.test.automation.testcases.GmailTest"/>
  <testcase name="TC_testGmailCompose" time="28.288" classname="org.test.automation.testcases.GmailTest"/>
</testsuite> <!-- org.test.automation.testcases.GmailTest -->
