<?xml version="1.0" encoding="UTF-8"?>
<!-- Generated by org.testng.reporters.JUnitReportReporter -->
<testsuite skipped="0" hostname="WINSA185262-2GR" name="org.test.automation.test.GmailTest" tests="1" failures="0" timestamp="20 Jul 2018 02:20:23 GMT" time="23.589" errors="0">
  <testcase name="testGmailLogin" time="23.589" classname="org.test.automation.test.GmailTest"/>
</testsuite> <!-- org.test.automation.test.GmailTest -->
