<?xml version="1.0" encoding="UTF-8"?>
<!-- Generated by org.testng.reporters.JUnitReportReporter -->
<testsuite skipped="0" hostname="KI0205" name="org.test.automation.test.SampleTest" tests="1" failures="0" timestamp="13 Jul 2018 02:08:31 GMT" time="52.462" errors="0">
  <testcase name="testMethod" time="52.462" classname="org.test.automation.test.SampleTest"/>
</testsuite> <!-- org.test.automation.test.SampleTest -->
